<?xml version="1.0" encoding="UTF-8"?>
<!-- Generated by org.testng.reporters.JUnitReportReporter -->
<testsuite hostname="BDC6-DX-6CG6NK2" name="testmeappp.testss.OnlineShoppingTest" tests="4" failures="0" timestamp="30 May 2019 06:18:34 GMT" time="47.557" errors="0">
  <testcase name="testLogin" time="6.815" classname="testmeappp.testss.OnlineShoppingTest"/>
  <testcase name="testCart" time="19.051" classname="testmeappp.testss.OnlineShoppingTest"/>
  <testcase name="testPayment" time="6.515" classname="testmeappp.testss.OnlineShoppingTest"/>
  <testcase name="testRegistration" time="15.176" classname="testmeappp.testss.OnlineShoppingTest"/>
</testsuite> <!-- testmeappp.testss.OnlineShoppingTest -->
